<?xml version="1.0" encoding="UTF-8"?>
<!-- Generated by org.testng.reporters.JUnitReportReporter -->
<testsuite hostname="LAPTOP-9V6PUHED" failures="0" tests="1" name="com.nanal.rest_assured_training.JSONValidations" time="4.233" errors="0" timestamp="2023-04-14T17:28:03 IST" skipped="0">
  <testcase classname="com.nanal.rest_assured_training.JSONValidations" name="Jsonvalidation" time="4.233"/>
  <system-out/>
</testsuite> <!-- com.nanal.rest_assured_training.JSONValidations -->
