<?xml version="1.0" encoding="UTF-8"?>
<!-- Generated by org.testng.reporters.JUnitReportReporter -->
<testsuite hostname="LAPTOP-9V6PUHED" failures="0" tests="1" name="com.nanal.rest_assured_training.SamplePostRequest" time="1.498" errors="0" timestamp="2023-04-14T17:56:01 IST" skipped="0">
  <testcase classname="com.nanal.rest_assured_training.SamplePostRequest" name="PostRequest" time="1.498"/>
  <system-out/>
</testsuite> <!-- com.nanal.rest_assured_training.SamplePostRequest -->
